Arguments: 
  /Users/stefansiprell/.nvm/versions/node/v10.15.0/bin/node /usr/local/Cellar/yarn/1.22.4/libexec/bin/yarn.js add @feathersjs/feather

PATH: 
  /Users/stefansiprell/Downloads/google-cloud-sdk/bin:/Users/stefansiprell/.pyenv/shims:/Users/stefansiprell/.nvm/versions/node/v10.15.0/bin:/usr/local/bin:/usr/bin:/bin:/usr/sbin:/sbin:/Applications/VMware Fusion.app/Contents/Public:/opt/X11/bin:/Library/Apple/usr/bin:/Library/Frameworks/Mono.framework/Versions/Current/Commands:/Users/stefansiprell/golang/bin:/usr/local/opt/go/libexec/bin:/Users/stefansiprell/path

Yarn version: 
  1.22.4

Node version: 
  10.15.0

Platform: 
  darwin x64

Trace: 
  Error: https://registry.yarnpkg.com/@feathersjs%2ffeather: Not found
      at Request.params.callback [as _callback] (/usr/local/Cellar/yarn/1.22.4/libexec/lib/cli.js:66987:18)
      at Request.self.callback (/usr/local/Cellar/yarn/1.22.4/libexec/lib/cli.js:140748:22)
      at Request.emit (events.js:182:13)
      at Request.<anonymous> (/usr/local/Cellar/yarn/1.22.4/libexec/lib/cli.js:141720:10)
      at Request.emit (events.js:182:13)
      at IncomingMessage.<anonymous> (/usr/local/Cellar/yarn/1.22.4/libexec/lib/cli.js:141642:12)
      at Object.onceWrapper (events.js:273:13)
      at IncomingMessage.emit (events.js:187:15)
      at endReadableNT (_stream_readable.js:1094:12)
      at process._tickCallback (internal/process/next_tick.js:63:19)

npm manifest: 
  {
      "name": "bazel_js_workspace",
      "version": "0.1.0",
      "private": true,
      "devDependencies": {
          "@bazel/bazelisk": "latest",
          "@bazel/ibazel": "latest",
          "@bazel/buildifier": "latest"
      },
      "scripts": {
          "build": "bazel build //...",
          "test": "bazel test //..."
      }
  }

yarn manifest: 
  No manifest

Lockfile: 
  # THIS IS AN AUTOGENERATED FILE. DO NOT EDIT THIS FILE DIRECTLY.
  # yarn lockfile v1
  
  
  "@bazel/bazelisk@latest":
    version "1.5.0"
    resolved "https://registry.yarnpkg.com/@bazel/bazelisk/-/bazelisk-1.5.0.tgz#61f583ed93be138b47be7180403938ea4057f54b"
    integrity sha512-qhOGN1WmfZYNJXGrRL/0byii9hX5FBomMv3WWI2OEL2+Bxm4t/bR3zMxN3xwQX1C8meSSrAfKGSzxVOZfpJsOg==
  
  "@bazel/buildifier@latest":
    version "3.2.0"
    resolved "https://registry.yarnpkg.com/@bazel/buildifier/-/buildifier-3.2.0.tgz#5dbb32e1592a27eac52c74d0f8c8206e1a045240"
    integrity sha512-gdqRnPClkwZw7YLv9Xc6XLovTtrUB6XFuu6Jo1T7gXn1AB7I09KlCgfJgKRJRMskrVDx3UVZaFK06ztGjyHnWw==
  
  "@bazel/ibazel@latest":
    version "0.13.1"
    resolved "https://registry.yarnpkg.com/@bazel/ibazel/-/ibazel-0.13.1.tgz#23788f67a6fbe83d96f2d055691df4917c10ac8d"
    integrity sha512-FO1hBKpzpeBL0adnFYF2Dwl/7gox6ccKM6bb+x26AXrQpLbinXPuTi4zeXRL/MW4383mF6i4RovLCmwUU/YW0w==
